<?xml version="1.0" encoding="UTF-8"?>
<testsuite name="com.phonebook.tests.CreateAccountTests" tests="1" skipped="0" failures="0" errors="0" timestamp="2024-06-21T16:40:53" hostname="DESKTOP-HCKIUS8" time="1.549">
  <properties/>
  <testcase name="createExistedAccountNegativeTest" classname="com.phonebook.tests.CreateAccountTests" time="1.549"/>
  <system-out><![CDATA[18:40:53.540 [Test worker] INFO  com.phonebook.tests.TestBase -- Start test!createExistedAccountNegativeTestwith data: []
18:40:53.544 [Test worker] INFO  com.phonebook.utils.MyListener -- Before find elements ->By.cssSelector: [href='/login']
18:40:53.585 [Test worker] INFO  com.phonebook.utils.MyListener -- After find elements ->By.cssSelector: [href='/login']
18:40:53.585 [Test worker] INFO  com.phonebook.utils.MyListener -- List size is 1
18:40:53.592 [Test worker] INFO  com.phonebook.utils.MyListener -- Before find element ->By.cssSelector: [href='/login']
18:40:53.646 [Test worker] INFO  com.phonebook.utils.MyListener -- After find element ->By.cssSelector: [href='/login']
18:40:53.740 [Test worker] INFO  com.phonebook.utils.MyListener -- Before find element ->By.name: email
18:40:53.806 [Test worker] INFO  com.phonebook.utils.MyListener -- After find element ->By.name: email
18:40:53.902 [Test worker] INFO  com.phonebook.utils.MyListener -- Before find element ->By.name: email
18:40:53.945 [Test worker] INFO  com.phonebook.utils.MyListener -- After find element ->By.name: email
18:40:53.992 [Test worker] INFO  com.phonebook.utils.MyListener -- Before find element ->By.name: email
18:40:54.021 [Test worker] INFO  com.phonebook.utils.MyListener -- After find element ->By.name: email
18:40:54.109 [Test worker] INFO  com.phonebook.utils.MyListener -- Before find element ->By.name: password
18:40:54.143 [Test worker] INFO  com.phonebook.utils.MyListener -- After find element ->By.name: password
18:40:54.194 [Test worker] INFO  com.phonebook.utils.MyListener -- Before find element ->By.name: password
18:40:54.227 [Test worker] INFO  com.phonebook.utils.MyListener -- After find element ->By.name: password
18:40:54.269 [Test worker] INFO  com.phonebook.utils.MyListener -- Before find element ->By.name: password
18:40:54.295 [Test worker] INFO  com.phonebook.utils.MyListener -- After find element ->By.name: password
18:40:54.351 [Test worker] INFO  com.phonebook.utils.MyListener -- Before find element ->By.name: registration
18:40:54.383 [Test worker] INFO  com.phonebook.utils.MyListener -- After find element ->By.name: registration
18:40:54.487 [Test worker] INFO  com.phonebook.utils.MyListener -- Something went wrong!!!
18:40:54.488 [Test worker] INFO  com.phonebook.utils.MyListener -- =======================================================================================
18:40:54.489 [Test worker] INFO  com.phonebook.utils.MyListener -- Method--> alert
18:40:54.489 [Test worker] INFO  com.phonebook.utils.MyListener -- =======================================================================================
18:40:54.490 [Test worker] INFO  com.phonebook.utils.MyListener -- Object target--> org.openqa.selenium.remote.RemoteWebDriver$RemoteTargetLocator@661d88a
18:40:54.490 [Test worker] INFO  com.phonebook.utils.MyListener -- =======================================================================================
18:40:54.493 [Test worker] INFO  com.phonebook.utils.MyListener -- Target exception org.openqa.selenium.NoAlertPresentException: no such alert
  (Session info: chrome=126.0.6478.115)
Build info: version: '4.21.0', revision: '79ed462ef4'
System info: os.name: 'Windows 10', os.arch: 'amd64', os.version: '10.0', java.version: '11.0.22'
Driver info: org.openqa.selenium.chrome.ChromeDriver
Command: [125467c96ffbf429490dcb3d15e7bca9, getAlertText {}]
Capabilities {acceptInsecureCerts: false, browserName: chrome, browserVersion: 126.0.6478.115, chrome: {chromedriverVersion: 125.0.6422.141 (4b1e8393712..., userDataDir: C:\Users\bahek\AppData\Loca...}, fedcm:accounts: true, goog:chromeOptions: {debuggerAddress: localhost:49255}, networkConnectionEnabled: false, pageLoadStrategy: normal, platformName: windows, proxy: Proxy(), se:cdp: ws://localhost:49255/devtoo..., se:cdpVersion: 126.0.6478.115, setWindowRect: true, strictFileInteractability: false, timeouts: {implicit: 0, pageLoad: 300000, script: 30000}, unhandledPromptBehavior: dismiss and notify, webauthn:extension:credBlob: true, webauthn:extension:largeBlob: true, webauthn:extension:minPinLength: true, webauthn:extension:prf: true, webauthn:virtualAuthenticators: true}
Session ID: 125467c96ffbf429490dcb3d15e7bca9
18:40:55.088 [Test worker] INFO  com.phonebook.utils.MyListener -- Before find elements ->By.xpath: //div[.='Registration failed with code 409']
18:40:55.133 [Test worker] INFO  com.phonebook.utils.MyListener -- After find elements ->By.xpath: //div[.='Registration failed with code 409']
18:40:55.134 [Test worker] INFO  com.phonebook.utils.MyListener -- List size is 1
18:40:55.139 [Test worker] INFO  com.phonebook.tests.TestBase -- PASSED: createExistedAccountNegativeTest
18:40:55.140 [Test worker] INFO  com.phonebook.tests.TestBase -- Stop Test!
18:40:55.140 [Test worker] INFO  com.phonebook.tests.TestBase -- ================================================================================================
]]></system-out>
  <system-err><![CDATA[]]></system-err>
</testsuite>
